[0.008s] Invoking command in '/home/yan/ros2_workspace/build/nav2_bringup': CMAKE_PREFIX_PATH=/opt/ros/humble /usr/bin/cmake /home/yan/ros2_workspace/src/navigation2/nav2_bringup -DAMENT_CMAKE_SYMLINK_INSTALL=1 -DCMAKE_INSTALL_PREFIX=/home/yan/ros2_workspace/install/nav2_bringup
[0.102s] -- The C compiler identification is GNU 11.4.0
[0.170s] -- The CXX compiler identification is GNU 11.4.0
[0.177s] -- Detecting C compiler ABI info
[0.266s] -- Detecting C compiler ABI info - done
[0.272s] -- Check for working C compiler: /usr/bin/cc - skipped
[0.272s] -- Detecting C compile features
[0.272s] -- Detecting C compile features - done
[0.275s] -- Detecting CXX compiler ABI info
[0.372s] -- Detecting CXX compiler ABI info - done
[0.380s] -- Check for working CXX compiler: /usr/bin/c++ - skipped
[0.380s] -- Detecting CXX compile features
[0.381s] -- Detecting CXX compile features - done
[0.386s] -- Found ament_cmake: 1.3.12 (/opt/ros/humble/share/ament_cmake/cmake)
[0.538s] -- Found Python3: /usr/bin/python3 (found version "3.10.12") found components: Interpreter 
[0.597s] -- Override CMake install command with custom implementation using symlinks instead of copying resources
[0.630s] -- Found nav2_common: 1.1.20 (/opt/ros/humble/share/nav2_common/cmake)
[0.634s] -- Found navigation2: 1.1.20 (/opt/ros/humble/share/navigation2/cmake)
[0.634s] -- Setting build type to Release as none was specified.
[0.637s] -- Found ament_lint_auto: 0.12.14 (/opt/ros/humble/share/ament_lint_auto/cmake)
[0.744s] -- Added test 'copyright' to check source files copyright and LICENSE
[0.748s] -- Added test 'flake8' to check Python code syntax and style conventions
[0.749s] -- Added test 'lint_cmake' to check CMake code style
[0.749s] -- Added test 'pep257' to check Python code against some of the docstring style conventions in PEP 257
[0.752s] -- Added test 'xmllint' to check XML markup files
[0.753s] -- Configuring done
[0.756s] -- Generating done
[0.758s] -- Build files have been written to: /home/yan/ros2_workspace/build/nav2_bringup
[0.762s] Invoked command in '/home/yan/ros2_workspace/build/nav2_bringup' returned '0': CMAKE_PREFIX_PATH=/opt/ros/humble /usr/bin/cmake /home/yan/ros2_workspace/src/navigation2/nav2_bringup -DAMENT_CMAKE_SYMLINK_INSTALL=1 -DCMAKE_INSTALL_PREFIX=/home/yan/ros2_workspace/install/nav2_bringup
[0.763s] Invoking command in '/home/yan/ros2_workspace/build/nav2_bringup': CMAKE_PREFIX_PATH=/opt/ros/humble /usr/bin/cmake --build /home/yan/ros2_workspace/build/nav2_bringup -- -j12 -l12
[0.799s] Invoked command in '/home/yan/ros2_workspace/build/nav2_bringup' returned '0': CMAKE_PREFIX_PATH=/opt/ros/humble /usr/bin/cmake --build /home/yan/ros2_workspace/build/nav2_bringup -- -j12 -l12
[0.808s] Invoking command in '/home/yan/ros2_workspace/build/nav2_bringup': CMAKE_PREFIX_PATH=/opt/ros/humble /usr/bin/cmake --install /home/yan/ros2_workspace/build/nav2_bringup
[0.816s] -- Install configuration: "Release"
[0.816s] -- Execute custom install script
[0.817s] -- Symlinking: /home/yan/ros2_workspace/install/nav2_bringup/share/nav2_bringup/launch/bringup_launch.py
[0.828s] -- Symlinking: /home/yan/ros2_workspace/install/nav2_bringup/share/nav2_bringup/launch/cloned_multi_tb3_simulation_launch.py
[0.836s] -- Symlinking: /home/yan/ros2_workspace/install/nav2_bringup/share/nav2_bringup/launch/localization_launch.py
[0.843s] -- Symlinking: /home/yan/ros2_workspace/install/nav2_bringup/share/nav2_bringup/launch/navigation_launch.py
[0.851s] -- Symlinking: /home/yan/ros2_workspace/install/nav2_bringup/share/nav2_bringup/launch/rviz_launch.py
[0.860s] -- Symlinking: /home/yan/ros2_workspace/install/nav2_bringup/share/nav2_bringup/launch/slam_launch.py
[0.869s] -- Symlinking: /home/yan/ros2_workspace/install/nav2_bringup/share/nav2_bringup/launch/tb3_simulation_launch.py
[0.877s] -- Symlinking: /home/yan/ros2_workspace/install/nav2_bringup/share/nav2_bringup/launch/unique_multi_tb3_simulation_launch.py
[0.889s] -- Symlinking: /home/yan/ros2_workspace/install/nav2_bringup/share/nav2_bringup/maps/turtlebot3_world.pgm
[0.899s] -- Symlinking: /home/yan/ros2_workspace/install/nav2_bringup/share/nav2_bringup/maps/turtlebot3_world.yaml
[0.914s] -- Symlinking: /home/yan/ros2_workspace/install/nav2_bringup/share/nav2_bringup/rviz/nav2_default_view.rviz
[0.933s] -- Symlinking: /home/yan/ros2_workspace/install/nav2_bringup/share/nav2_bringup/rviz/nav2_namespaced_view.rviz
[0.956s] -- Symlinking: /home/yan/ros2_workspace/install/nav2_bringup/share/nav2_bringup/worlds/waffle.model
[0.972s] -- Symlinking: /home/yan/ros2_workspace/install/nav2_bringup/share/nav2_bringup/worlds/world_only.model
[0.980s] -- Symlinking: /home/yan/ros2_workspace/install/nav2_bringup/share/nav2_bringup/params/nav2_multirobot_params_1.yaml
[0.987s] -- Symlinking: /home/yan/ros2_workspace/install/nav2_bringup/share/nav2_bringup/params/nav2_multirobot_params_2.yaml
[0.995s] -- Symlinking: /home/yan/ros2_workspace/install/nav2_bringup/share/nav2_bringup/params/nav2_multirobot_params_all.yaml
[1.001s] -- Symlinking: /home/yan/ros2_workspace/install/nav2_bringup/share/nav2_bringup/params/nav2_params.yaml
[1.010s] -- Symlinking: /home/yan/ros2_workspace/install/nav2_bringup/share/nav2_bringup/urdf/turtlebot3_waffle.urdf
[1.022s] -- Symlinking: /home/yan/ros2_workspace/install/nav2_bringup/share/ament_index/resource_index/package_run_dependencies/nav2_bringup
[1.038s] -- Symlinking: /home/yan/ros2_workspace/install/nav2_bringup/share/ament_index/resource_index/parent_prefix_path/nav2_bringup
[1.047s] -- Symlinking: /home/yan/ros2_workspace/install/nav2_bringup/share/nav2_bringup/environment/ament_prefix_path.sh
[1.055s] -- Symlinking: /home/yan/ros2_workspace/install/nav2_bringup/share/nav2_bringup/environment/ament_prefix_path.dsv
[1.065s] -- Symlinking: /home/yan/ros2_workspace/install/nav2_bringup/share/nav2_bringup/environment/path.sh
[1.073s] -- Symlinking: /home/yan/ros2_workspace/install/nav2_bringup/share/nav2_bringup/environment/path.dsv
[1.080s] -- Symlinking: /home/yan/ros2_workspace/install/nav2_bringup/share/nav2_bringup/local_setup.bash
[1.088s] -- Symlinking: /home/yan/ros2_workspace/install/nav2_bringup/share/nav2_bringup/local_setup.sh
[1.094s] -- Symlinking: /home/yan/ros2_workspace/install/nav2_bringup/share/nav2_bringup/local_setup.zsh
[1.103s] -- Symlinking: /home/yan/ros2_workspace/install/nav2_bringup/share/nav2_bringup/local_setup.dsv
[1.111s] -- Symlinking: /home/yan/ros2_workspace/install/nav2_bringup/share/nav2_bringup/package.dsv
[1.122s] -- Symlinking: /home/yan/ros2_workspace/install/nav2_bringup/share/ament_index/resource_index/packages/nav2_bringup
[1.135s] -- Symlinking: /home/yan/ros2_workspace/install/nav2_bringup/share/nav2_bringup/cmake/nav2_bringupConfig.cmake
[1.144s] -- Symlinking: /home/yan/ros2_workspace/install/nav2_bringup/share/nav2_bringup/cmake/nav2_bringupConfig-version.cmake
[1.150s] -- Symlinking: /home/yan/ros2_workspace/install/nav2_bringup/share/nav2_bringup/package.xml
[1.160s] Invoked command in '/home/yan/ros2_workspace/build/nav2_bringup' returned '0': CMAKE_PREFIX_PATH=/opt/ros/humble /usr/bin/cmake --install /home/yan/ros2_workspace/build/nav2_bringup
